
2024/07/31 (19:42:48) | ===> btop++ v.1.3.2
2024/07/31 (19:42:48) | ERROR: Couldn't determine terminal size of "STDOUT_FILENO"!
2024/07/31 (19:42:48) | ERROR: Couldn't determine terminal size of "/dev/tty"!

2024/08/01 (12:30:38) | ===> btop++ v.1.3.2
2024/08/01 (12:30:38) | ERROR: Couldn't determine terminal size of "STDOUT_FILENO"!

2024/10/03 (22:34:35) | ===> btop++ v.1.3.2
2024/10/03 (22:34:35) | ERROR: Stall in Runner thread, restarting!

2024/10/16 (21:50:30) | ===> btop++ v.1.3.2
2024/10/16 (21:50:30) | ERROR: No response from Runner thread, quitting!

2024/10/26 (09:36:41) | ===> btop++ v.1.4.0
2024/10/26 (09:36:41) | WARNING: Intel GPU: Failed to initialize PMU

2024/10/28 (11:10:50) | ===> btop++ v.1.4.0
2024/10/28 (11:10:50) | WARNING: Intel GPU: Failed to initialize PMU

2024/10/29 (10:55:15) | ===> btop++ v.1.4.0
2024/10/29 (10:55:15) | WARNING: Intel GPU: Failed to initialize PMU

2024/10/29 (11:02:57) | ===> btop++ v.1.4.0
2024/10/29 (11:02:57) | WARNING: Intel GPU: Failed to initialize PMU

2024/10/29 (11:29:26) | ===> btop++ v.1.4.0
2024/10/29 (11:29:26) | WARNING: Intel GPU: Failed to initialize PMU

2024/10/29 (11:36:02) | ===> btop++ v.1.4.0
2024/10/29 (11:36:02) | WARNING: Intel GPU: Failed to initialize PMU

2024/10/30 (17:27:52) | ===> btop++ v.1.4.0
2024/10/30 (17:27:52) | WARNING: Intel GPU: Failed to initialize PMU

2024/11/04 (15:37:04) | ===> btop++ v.1.4.0
2024/11/04 (15:37:04) | WARNING: Intel GPU: Failed to initialize PMU

2024/11/13 (17:52:04) | ===> btop++ v.1.4.0
2024/11/13 (17:52:04) | WARNING: Intel GPU: Failed to initialize PMU

2024/11/14 (12:18:37) | ===> btop++ v.1.4.0
2024/11/14 (12:18:37) | WARNING: Intel GPU: Failed to initialize PMU

2024/11/14 (14:06:50) | ===> btop++ v.1.4.0
2024/11/14 (14:06:50) | WARNING: Intel GPU: Failed to initialize PMU

2024/11/14 (14:21:24) | ===> btop++ v.1.4.0
2024/11/14 (14:21:24) | WARNING: Intel GPU: Failed to initialize PMU

2024/11/14 (15:30:15) | ===> btop++ v.1.4.0
2024/11/14 (15:30:15) | WARNING: Intel GPU: Failed to initialize PMU

2024/11/14 (16:21:39) | ===> btop++ v.1.4.0
2024/11/14 (16:21:39) | WARNING: Intel GPU: Failed to initialize PMU

2024/11/16 (15:01:52) | ===> btop++ v.1.4.0
2024/11/16 (15:01:52) | WARNING: Intel GPU: Failed to initialize PMU

2024/11/16 (15:02:49) | ===> btop++ v.1.4.0
2024/11/16 (15:02:49) | WARNING: Intel GPU: Failed to initialize PMU

2024/11/21 (12:49:12) | ===> btop++ v.1.4.0
2024/11/21 (12:49:12) | WARNING: Intel GPU: Failed to initialize PMU

2024/11/21 (13:36:57) | ===> btop++ v.1.4.0
2024/11/21 (13:36:57) | WARNING: Intel GPU: Failed to initialize PMU

2024/11/22 (17:56:29) | ===> btop++ v.1.4.0
2024/11/22 (17:56:29) | WARNING: Intel GPU: Failed to initialize PMU

2024/11/22 (18:17:32) | ===> btop++ v.1.4.0
2024/11/22 (18:17:32) | WARNING: Intel GPU: Failed to initialize PMU

2024/11/22 (18:59:36) | ===> btop++ v.1.4.0
2024/11/22 (18:59:36) | WARNING: Intel GPU: Failed to initialize PMU

2024/11/23 (11:59:08) | ===> btop++ v.1.4.0
2024/11/23 (11:59:08) | WARNING: Intel GPU: Failed to initialize PMU
